<?xml version="1.0" encoding="UTF-8"?>
<!-- Generated by org.testng.reporters.JUnitXMLReporter -->
<testsuite hostname="HIBACL131408" ignored="0" name="Test" tests="2" failures="0" timestamp="2022-10-19T22:11:53 IST" time="25.888" errors="0">
  <testcase name="ValidLogin" time="2.224" classname="com.mercury.tours.Weborder_CreateOrder_UdateOrder_VerifyOrder"/>
  <testcase name="CreateOrder" time="17.669" classname="com.mercury.tours.Weborder_CreateOrder_UdateOrder_VerifyOrder"/>
</testsuite> <!-- Test -->
