<?xml version="1.0" encoding="UTF-8"?>
<testng-results skipped="0" failed="0" ignored="0" total="1" passed="1">
  <reporter-output>
  </reporter-output>
  <suite name="Suite" duration-ms="13616" started-at="2020-12-22T19:39:14 IST" finished-at="2020-12-22T19:39:28 IST">
    <groups>
    </groups>
    <test name="Test" duration-ms="13616" started-at="2020-12-22T19:39:14 IST" finished-at="2020-12-22T19:39:28 IST">
      <class name="com.mercury.tours.Mobile_Browser_View_Flight_Login">
        <test-method status="PASS" signature="LaunchBrowser()[pri:0, instance:com.mercury.tours.Mobile_Browser_View_Flight_Login@523884b2]" name="LaunchBrowser" is-config="true" duration-ms="6103" started-at="2020-12-22T19:39:14 IST" finished-at="2020-12-22T19:39:20 IST">
          <reporter-output>
          </reporter-output>
        </test-method> <!-- LaunchBrowser -->
        <test-method status="PASS" signature="SignOn()[pri:0, instance:com.mercury.tours.Mobile_Browser_View_Flight_Login@523884b2]" name="SignOn" duration-ms="6659" started-at="2020-12-22T19:39:20 IST" finished-at="2020-12-22T19:39:27 IST">
          <reporter-output>
          </reporter-output>
        </test-method> <!-- SignOn -->
        <test-method status="PASS" signature="CloseBrowser()[pri:0, instance:com.mercury.tours.Mobile_Browser_View_Flight_Login@523884b2]" name="CloseBrowser" is-config="true" duration-ms="817" started-at="2020-12-22T19:39:27 IST" finished-at="2020-12-22T19:39:28 IST">
          <reporter-output>
          </reporter-output>
        </test-method> <!-- CloseBrowser -->
      </class> <!-- com.mercury.tours.Mobile_Browser_View_Flight_Login -->
    </test> <!-- Test -->
  </suite> <!-- Suite -->
</testng-results>
