<?xml version="1.0" encoding="UTF-8"?>
<testsuite xmlns:xsi="http://www.w3.org/2001/XMLSchema-instance" xsi:schemaLocation="https://maven.apache.org/surefire/maven-surefire-plugin/xsd/surefire-test-report.xsd" name="TestSuite" time="27.799" tests="2" errors="0" skipped="0" failures="0">
  <properties>
[...]
</properties>
  <testcase name="ValidLogin" classname="com.mercury.tours.Weborder_CreateOrder_UdateOrder_VerifyOrder" time="2.227"/>
  <testcase name="CreateOrder" classname="com.mercury.tours.Weborder_CreateOrder_UdateOrder_VerifyOrder" time="17.671"/>
</testsuite>