<?xml version="1.0" encoding="UTF-8"?>
<testng-results skipped="0" failed="0" ignored="0" total="2" passed="2">
  <reporter-output>
  </reporter-output>
  <suite name="Suite" duration-ms="32616" started-at="2022-08-02T10:38:54 IST" finished-at="2022-08-02T10:39:27 IST">
    <groups>
    </groups>
    <test name="Test" duration-ms="32616" started-at="2022-08-02T10:38:54 IST" finished-at="2022-08-02T10:39:27 IST">
      <class name="com.mercury.tours.Mobile_Browser_View_Flight_Login">
        <test-method status="PASS" signature="LaunchBrowser()[pri:0, instance:com.mercury.tours.Mobile_Browser_View_Flight_Login@59906517]" name="LaunchBrowser" is-config="true" duration-ms="8910" started-at="2022-08-02T10:38:54 IST" finished-at="2022-08-02T10:39:03 IST">
          <reporter-output>
          </reporter-output>
        </test-method> <!-- LaunchBrowser -->
        <test-method status="PASS" signature="SignOn()[pri:0, instance:com.mercury.tours.Mobile_Browser_View_Flight_Login@59906517]" name="SignOn" duration-ms="6725" started-at="2022-08-02T10:39:18 IST" finished-at="2022-08-02T10:39:25 IST">
          <reporter-output>
          </reporter-output>
        </test-method> <!-- SignOn -->
        <test-method status="PASS" signature="CloseBrowser()[pri:0, instance:com.mercury.tours.Mobile_Browser_View_Flight_Login@59906517]" name="CloseBrowser" is-config="true" duration-ms="1088" started-at="2022-08-02T10:39:25 IST" finished-at="2022-08-02T10:39:26 IST">
          <reporter-output>
          </reporter-output>
        </test-method> <!-- CloseBrowser -->
      </class> <!-- com.mercury.tours.Mobile_Browser_View_Flight_Login -->
      <class name="com.mercury.tours.OrangeHRM_Login_TestNG">
        <test-method status="PASS" signature="LaunchBrowser()[pri:0, instance:com.mercury.tours.OrangeHRM_Login_TestNG@29b5cd00]" name="LaunchBrowser" is-config="true" duration-ms="3614" started-at="2022-08-02T10:39:03 IST" finished-at="2022-08-02T10:39:07 IST">
          <reporter-output>
          </reporter-output>
        </test-method> <!-- LaunchBrowser -->
        <test-method status="PASS" signature="Login()[pri:0, instance:com.mercury.tours.OrangeHRM_Login_TestNG@29b5cd00]" name="Login" duration-ms="11262" started-at="2022-08-02T10:39:07 IST" finished-at="2022-08-02T10:39:18 IST">
          <reporter-output>
          </reporter-output>
        </test-method> <!-- Login -->
        <test-method status="PASS" signature="CloseBrowser()[pri:0, instance:com.mercury.tours.OrangeHRM_Login_TestNG@29b5cd00]" name="CloseBrowser" is-config="true" duration-ms="935" started-at="2022-08-02T10:39:26 IST" finished-at="2022-08-02T10:39:27 IST">
          <reporter-output>
          </reporter-output>
        </test-method> <!-- CloseBrowser -->
      </class> <!-- com.mercury.tours.OrangeHRM_Login_TestNG -->
    </test> <!-- Test -->
  </suite> <!-- Suite -->
</testng-results>
